<html>
<head>
<title>TestNG:  Surefire test</title>
<link href="../testng.css" rel="stylesheet" type="text/css" />
<link href="../my-testng.css" rel="stylesheet" type="text/css" />

<style type="text/css">
.log { display: none;} 
.stack-trace { display: none;} 
</style>
<script type="text/javascript">
<!--
function flip(e) {
  current = e.style.display;
  if (current == 'block') {
    e.style.display = 'none';
    return 0;
  }
  else {
    e.style.display = 'block';
    return 1;
  }
}

function toggleBox(szDivId, elem, msg1, msg2)
{
  var res = -1;  if (document.getElementById) {
    res = flip(document.getElementById(szDivId));
  }
  else if (document.all) {
    // this is the way old msie versions work
    res = flip(document.all[szDivId]);
  }
  if(elem) {
    if(res == 0) elem.innerHTML = msg1; else elem.innerHTML = msg2;
  }

}

function toggleAllBoxes() {
  if (document.getElementsByTagName) {
    d = document.getElementsByTagName('div');
    for (i = 0; i < d.length; i++) {
      if (d[i].className == 'log') {
        flip(d[i]);
      }
    }
  }
}

// -->
</script>

</head>
<body>
<h2 align='center'>Surefire test</h2><table border='1' align="center">
<tr>
<td>Tests passed/Failed/Skipped:</td><td>15/4/0</td>
</tr><tr>
<td>Started on:</td><td>Tue Nov 15 20:30:08 EET 2022</td>
</tr>
<tr><td>Total time:</td><td>257 seconds (257199 ms)</td>
</tr><tr>
<td>Included groups:</td><td></td>
</tr><tr>
<td>Excluded groups:</td><td></td>
</tr>
</table><p/>
<small><i>(Hover the method name to see the test class name)</i></small><p/>
<table width='100%' border='1' class='invocation-failed'>
<tr><td colspan='4' align='center'><b>FAILED TESTS</b></td></tr>
<tr><td><b>Test method</b></td>
<td><b>Attribute(s)</b></td>
<td width="30%"><b>Exception</b></td>
<td width="10%"><b>Time (seconds)</b></td>
<td><b>Instance</b></td>
</tr>
<tr>
<td title='org.example.TestRunner.Runners.runScenario()'><b>runScenario</b><br>Test class: org.example.TestRunner.Runners<br>Test method: Runs Cucumber Scenarios<br>Parameters: "first slider is clickable", "users check Slider"</td>
<td><div><pre>java.lang.AssertionError: This is First Url expected [ https://demo.nopcommerce.com/nokia-lumia-1020] but found [https://demo.nopcommerce.com/]
	at org.example.stepDefinations.D06_homeSlidersStepDef.navigateToThePageOfFirstSlider(D06_homeSlidersStepDef.java:25)
	at ✽.navigate to the page of first slider(file:///D:/palo/New%20folder%20(2)/Ecomerce/src/main/resources/Features/F006_homeSliders.feature:5)
... Removed 5 stack frames</pre></div><a href='#' onClick='toggleBox("stack-trace1677319673", this, "Click to show all stack frames", "Click to hide stack frames")'>Click to show all stack frames</a>
<div class='stack-trace' id='stack-trace1677319673'><pre>java.lang.AssertionError: This is First Url expected [ https://demo.nopcommerce.com/nokia-lumia-1020] but found [https://demo.nopcommerce.com/]
	at org.testng.Assert.fail(Assert.java:110)
	at org.testng.Assert.failNotEquals(Assert.java:1413)
	at org.testng.Assert.assertEqualsImpl(Assert.java:149)
	at org.testng.Assert.assertEquals(Assert.java:131)
	at org.testng.Assert.assertEquals(Assert.java:655)
	at org.example.stepDefinations.D06_homeSlidersStepDef.navigateToThePageOfFirstSlider(D06_homeSlidersStepDef.java:25)
	at ✽.navigate to the page of first slider(file:///D:/palo/New%20folder%20(2)/Ecomerce/src/main/resources/Features/F006_homeSliders.feature:5)
</pre></div></td>
<td>7</td>
<td>org.example.TestRunner.Runners@d706f19</td></tr>
<tr>
<td title='org.example.TestRunner.Runners.runScenario()'><b>runScenario</b><br>Test class: org.example.TestRunner.Runners<br>Test method: Runs Cucumber Scenarios<br>Parameters: "guest user could register with valid data successfully", "F1_Register users could register with new accounts"</td>
<td><div><pre>org.openqa.selenium.WebDriverException: target frame detached
  (failed to check if window was closed: disconnected: unable to connect to renderer)
  (Session info: chrome=107.0.5304.107)
Build info: version: &apos;4.6.0&apos;, revision: &apos;79f1c02ae20&apos;
System info: os.name: &apos;Windows 10&apos;, os.arch: &apos;amd64&apos;, os.version: &apos;10.0&apos;, java.version: &apos;19&apos;
Driver info: org.openqa.selenium.chrome.ChromeDriver
Command: [564b4005e71049d463446257f3c5bbb0, findElement {using=xpath, value=//div[@class=&quot;result&quot;]}]
Capabilities {acceptInsecureCerts: false, browserName: chrome, browserVersion: 107.0.5304.107, chrome: {chromedriverVersion: 107.0.5304.62 (1eec40d3a576..., userDataDir: C:\Users\FIXSTO~1\AppData\L...}, goog:chromeOptions: {debuggerAddress: localhost:65391}, networkConnectionEnabled: false, pageLoadStrategy: normal, platformName: WINDOWS, proxy: Proxy(), se:cdp: ws://localhost:65391/devtoo..., se:cdpVersion: 107.0.5304.107, setWindowRect: true, strictFileInteractability: false, timeouts: {implicit: 0, pageLoad: 300000, script: 30000}, unhandledPromptBehavior: dismiss and notify, webauthn:extension:credBlob: true, webauthn:extension:largeBlob: true, webauthn:virtualAuthenticators: true}
Session ID: 564b4005e71049d463446257f3c5bbb0
	at org.openqa.selenium.remote.codec.w3c.W3CHttpResponseCodec.createException(W3CHttpResponseCodec.java:200)
	at org.openqa.selenium.remote.codec.w3c.W3CHttpResponseCodec.decode(W3CHttpResponseCodec.java:133)
	at org.openqa.selenium.remote.codec.w3c.W3CHttpResponseCodec.decode(W3CHttpResponseCodec.java:53)
	at org.openqa.selenium.remote.HttpCommandExecutor.execute(HttpCommandExecutor.java:184)
	at org.openqa.selenium.remote.service.DriverCommandExecutor.invokeExecute(DriverCommandExecutor.java:167)
	at org.openqa.selenium.remote.service.DriverCommandExecutor.execute(DriverCommandExecutor.java:142)
	at org.openqa.selenium.remote.RemoteWebDriver.execute(RemoteWebDriver.java:541)
	at org.openqa.selenium.remote.ElementLocation$ElementFinder$2.findElement(ElementLocation.java:162)
	at org.openqa.selenium.remote.ElementLocation.findElement(ElementLocation.java:60)
	at org.openqa.selenium.remote.RemoteWebDriver.findElement(RemoteWebDriver.java:365)
	at org.openqa.selenium.remote.RemoteWebDriver.findElement(RemoteWebDriver.java:357)
	at org.example.Pages.P01_registerPom.sucssesMasege(P01_registerPom.java:84)
	at org.example.stepDefinations.D1_registerStepDefinations.SuccessMessage(D1_registerStepDefinations.java:59)
	at ✽.success message is displayed(file:///D:/palo/New%20folder%20(2)/Ecomerce/src/main/resources/Features/F001_Register.feature:13)
... Removed 3 stack frames</pre></div><a href='#' onClick='toggleBox("stack-trace2129138446", this, "Click to show all stack frames", "Click to hide stack frames")'>Click to show all stack frames</a>
<div class='stack-trace' id='stack-trace2129138446'><pre>org.openqa.selenium.WebDriverException: target frame detached
  (failed to check if window was closed: disconnected: unable to connect to renderer)
  (Session info: chrome=107.0.5304.107)
Build info: version: &apos;4.6.0&apos;, revision: &apos;79f1c02ae20&apos;
System info: os.name: &apos;Windows 10&apos;, os.arch: &apos;amd64&apos;, os.version: &apos;10.0&apos;, java.version: &apos;19&apos;
Driver info: org.openqa.selenium.chrome.ChromeDriver
Command: [564b4005e71049d463446257f3c5bbb0, findElement {using=xpath, value=//div[@class=&quot;result&quot;]}]
Capabilities {acceptInsecureCerts: false, browserName: chrome, browserVersion: 107.0.5304.107, chrome: {chromedriverVersion: 107.0.5304.62 (1eec40d3a576..., userDataDir: C:\Users\FIXSTO~1\AppData\L...}, goog:chromeOptions: {debuggerAddress: localhost:65391}, networkConnectionEnabled: false, pageLoadStrategy: normal, platformName: WINDOWS, proxy: Proxy(), se:cdp: ws://localhost:65391/devtoo..., se:cdpVersion: 107.0.5304.107, setWindowRect: true, strictFileInteractability: false, timeouts: {implicit: 0, pageLoad: 300000, script: 30000}, unhandledPromptBehavior: dismiss and notify, webauthn:extension:credBlob: true, webauthn:extension:largeBlob: true, webauthn:virtualAuthenticators: true}
Session ID: 564b4005e71049d463446257f3c5bbb0
	at java.base/jdk.internal.reflect.DirectConstructorHandleAccessor.newInstance(DirectConstructorHandleAccessor.java:67)
	at java.base/java.lang.reflect.Constructor.newInstanceWithCaller(Constructor.java:500)
	at java.base/java.lang.reflect.Constructor.newInstance(Constructor.java:484)
	at org.openqa.selenium.remote.codec.w3c.W3CHttpResponseCodec.createException(W3CHttpResponseCodec.java:200)
	at org.openqa.selenium.remote.codec.w3c.W3CHttpResponseCodec.decode(W3CHttpResponseCodec.java:133)
	at org.openqa.selenium.remote.codec.w3c.W3CHttpResponseCodec.decode(W3CHttpResponseCodec.java:53)
	at org.openqa.selenium.remote.HttpCommandExecutor.execute(HttpCommandExecutor.java:184)
	at org.openqa.selenium.remote.service.DriverCommandExecutor.invokeExecute(DriverCommandExecutor.java:167)
	at org.openqa.selenium.remote.service.DriverCommandExecutor.execute(DriverCommandExecutor.java:142)
	at org.openqa.selenium.remote.RemoteWebDriver.execute(RemoteWebDriver.java:541)
	at org.openqa.selenium.remote.ElementLocation$ElementFinder$2.findElement(ElementLocation.java:162)
	at org.openqa.selenium.remote.ElementLocation.findElement(ElementLocation.java:60)
	at org.openqa.selenium.remote.RemoteWebDriver.findElement(RemoteWebDriver.java:365)
	at org.openqa.selenium.remote.RemoteWebDriver.findElement(RemoteWebDriver.java:357)
	at org.example.Pages.P01_registerPom.sucssesMasege(P01_registerPom.java:84)
	at org.example.stepDefinations.D1_registerStepDefinations.SuccessMessage(D1_registerStepDefinations.java:59)
	at ✽.success message is displayed(file:///D:/palo/New%20folder%20(2)/Ecomerce/src/main/resources/Features/F001_Register.feature:13)
</pre></div></td>
<td>34</td>
<td>org.example.TestRunner.Runners@d706f19</td></tr>
<tr>
<td title='org.example.TestRunner.Runners.runScenario()'><b>runScenario</b><br>Test class: org.example.TestRunner.Runners<br>Test method: Runs Cucumber Scenarios<br>Parameters: "user navigate to rss", "user can navigate to social media"</td>
<td><div><pre>java.lang.IndexOutOfBoundsException: Index 1 out of bounds for length 1
	at java.base/jdk.internal.util.Preconditions.outOfBounds(Preconditions.java:100)
	at java.base/jdk.internal.util.Preconditions.outOfBoundsCheckIndex(Preconditions.java:106)
	at java.base/jdk.internal.util.Preconditions.checkIndex(Preconditions.java:302)
	at java.base/java.util.Objects.checkIndex(Objects.java:385)
	at java.base/java.util.ArrayList.get(ArrayList.java:427)
	at org.example.Pages.P04_homePagePom.assertRss(P04_homePagePom.java:126)
	at org.example.stepDefinations.D07_followUsStepDef.rssIsOpenedInANewTab(D07_followUsStepDef.java:49)
	at ✽.rss is Opened in a new tab(file:///D:/palo/New%20folder%20(2)/Ecomerce/src/main/resources/Features/F007_followUs.feature:15)
</pre></div><a href='#' onClick='toggleBox("stack-trace712949255", this, "Click to show all stack frames", "Click to hide stack frames")'>Click to show all stack frames</a>
<div class='stack-trace' id='stack-trace712949255'><pre>java.lang.IndexOutOfBoundsException: Index 1 out of bounds for length 1
	at java.base/jdk.internal.util.Preconditions.outOfBounds(Preconditions.java:100)
	at java.base/jdk.internal.util.Preconditions.outOfBoundsCheckIndex(Preconditions.java:106)
	at java.base/jdk.internal.util.Preconditions.checkIndex(Preconditions.java:302)
	at java.base/java.util.Objects.checkIndex(Objects.java:385)
	at java.base/java.util.ArrayList.get(ArrayList.java:427)
	at org.example.Pages.P04_homePagePom.assertRss(P04_homePagePom.java:126)
	at org.example.stepDefinations.D07_followUsStepDef.rssIsOpenedInANewTab(D07_followUsStepDef.java:49)
	at ✽.rss is Opened in a new tab(file:///D:/palo/New%20folder%20(2)/Ecomerce/src/main/resources/Features/F007_followUs.feature:15)
</pre></div></td>
<td>8</td>
<td>org.example.TestRunner.Runners@d706f19</td></tr>
<tr>
<td title='org.example.TestRunner.Runners.runScenario()'><b>runScenario</b><br>Test class: org.example.TestRunner.Runners<br>Test method: Runs Cucumber Scenarios<br>Parameters: "second slider is clickable", "users check Slider"</td>
<td><div><pre>java.lang.AssertionError: This is second Url expected [https://demo.nopcommerce.com/iphone-6] but found [https://demo.nopcommerce.com/]
	at org.example.stepDefinations.D06_homeSlidersStepDef.navigateToThePageOfSecondSlider(D06_homeSlidersStepDef.java:39)
	at ✽.navigate to the page of second slider(file:///D:/palo/New%20folder%20(2)/Ecomerce/src/main/resources/Features/F006_homeSliders.feature:9)
... Removed 5 stack frames</pre></div><a href='#' onClick='toggleBox("stack-trace510873326", this, "Click to show all stack frames", "Click to hide stack frames")'>Click to show all stack frames</a>
<div class='stack-trace' id='stack-trace510873326'><pre>java.lang.AssertionError: This is second Url expected [https://demo.nopcommerce.com/iphone-6] but found [https://demo.nopcommerce.com/]
	at org.testng.Assert.fail(Assert.java:110)
	at org.testng.Assert.failNotEquals(Assert.java:1413)
	at org.testng.Assert.assertEqualsImpl(Assert.java:149)
	at org.testng.Assert.assertEquals(Assert.java:131)
	at org.testng.Assert.assertEquals(Assert.java:655)
	at org.example.stepDefinations.D06_homeSlidersStepDef.navigateToThePageOfSecondSlider(D06_homeSlidersStepDef.java:39)
	at ✽.navigate to the page of second slider(file:///D:/palo/New%20folder%20(2)/Ecomerce/src/main/resources/Features/F006_homeSliders.feature:9)
</pre></div></td>
<td>7</td>
<td>org.example.TestRunner.Runners@d706f19</td></tr>
</table><p>
<table width='100%' border='1' class='invocation-passed'>
<tr><td colspan='4' align='center'><b>PASSED TESTS</b></td></tr>
<tr><td><b>Test method</b></td>
<td><b>Attribute(s)</b></td>
<td width="30%"><b>Exception</b></td>
<td width="10%"><b>Time (seconds)</b></td>
<td><b>Instance</b></td>
</tr>
<tr>
<td title='org.example.TestRunner.Runners.runScenario()'><b>runScenario</b><br>Test class: org.example.TestRunner.Runners<br>Test method: Runs Cucumber Scenarios<br>Parameters: "user could login with invalid email and password", "users could use login functionality to use their accounts"</td>
<td></td>
<td>13</td>
<td>org.example.TestRunner.Runners@d706f19</td></tr>
<tr>
<td title='org.example.TestRunner.Runners.runScenario()'><b>runScenario</b><br>Test class: org.example.TestRunner.Runners<br>Test method: Runs Cucumber Scenarios<br>Parameters: "user could search for product using sku", "user search for products"</td>
<td></td>
<td>10</td>
<td>org.example.TestRunner.Runners@d706f19</td></tr>
<tr>
<td title='org.example.TestRunner.Runners.runScenario()'><b>runScenario</b><br>Test class: org.example.TestRunner.Runners<br>Test method: Runs Cucumber Scenarios<br>Parameters: "user can hover on category", "Hover Feature"</td>
<td></td>
<td>8</td>
<td>org.example.TestRunner.Runners@d706f19</td></tr>
<tr>
<td title='org.example.TestRunner.Runners.runScenario()'><b>runScenario</b><br>Test class: org.example.TestRunner.Runners<br>Test method: Runs Cucumber Scenarios<br>Parameters: "user could search using product name", "user search for products"</td>
<td></td>
<td>19</td>
<td>org.example.TestRunner.Runners@d706f19</td></tr>
<tr>
<td title='org.example.TestRunner.Runners.runScenario()'><b>runScenario</b><br>Test class: org.example.TestRunner.Runners<br>Test method: Runs Cucumber Scenarios<br>Parameters: "user can choose Euro currency", "user could switch between currencies [$, €]"</td>
<td></td>
<td>9</td>
<td>org.example.TestRunner.Runners@d706f19</td></tr>
<tr>
<td title='org.example.TestRunner.Runners.runScenario()'><b>runScenario</b><br>Test class: org.example.TestRunner.Runners<br>Test method: Runs Cucumber Scenarios<br>Parameters: "verify that user add product to his wishlist", "user add proudact to wishlist"</td>
<td></td>
<td>9</td>
<td>org.example.TestRunner.Runners@d706f19</td></tr>
<tr>
<td title='org.example.TestRunner.Runners.runScenario()'><b>runScenario</b><br>Test class: org.example.TestRunner.Runners<br>Test method: Runs Cucumber Scenarios<br>Parameters: "user could search for product using sku", "user search for products"</td>
<td></td>
<td>9</td>
<td>org.example.TestRunner.Runners@d706f19</td></tr>
<tr>
<td title='org.example.TestRunner.Runners.runScenario()'><b>runScenario</b><br>Test class: org.example.TestRunner.Runners<br>Test method: Runs Cucumber Scenarios<br>Parameters: "user could search for product using sku", "user search for products"</td>
<td></td>
<td>10</td>
<td>org.example.TestRunner.Runners@d706f19</td></tr>
<tr>
<td title='org.example.TestRunner.Runners.runScenario()'><b>runScenario</b><br>Test class: org.example.TestRunner.Runners<br>Test method: Runs Cucumber Scenarios<br>Parameters: "user navigate to Twitter", "user can navigate to social media"</td>
<td></td>
<td>9</td>
<td>org.example.TestRunner.Runners@d706f19</td></tr>
<tr>
<td title='org.example.TestRunner.Runners.runScenario()'><b>runScenario</b><br>Test class: org.example.TestRunner.Runners<br>Test method: Runs Cucumber Scenarios<br>Parameters: "user could search using product name", "user search for products"</td>
<td></td>
<td>18</td>
<td>org.example.TestRunner.Runners@d706f19</td></tr>
<tr>
<td title='org.example.TestRunner.Runners.runScenario()'><b>runScenario</b><br>Test class: org.example.TestRunner.Runners<br>Test method: Runs Cucumber Scenarios<br>Parameters: "user navigate to facebook", "user can navigate to social media"</td>
<td></td>
<td>9</td>
<td>org.example.TestRunner.Runners@d706f19</td></tr>
<tr>
<td title='org.example.TestRunner.Runners.runScenario()'><b>runScenario</b><br>Test class: org.example.TestRunner.Runners<br>Test method: Runs Cucumber Scenarios<br>Parameters: "user navigate to youtube", "user can navigate to social media"</td>
<td></td>
<td>12</td>
<td>org.example.TestRunner.Runners@d706f19</td></tr>
<tr>
<td title='org.example.TestRunner.Runners.runScenario()'><b>runScenario</b><br>Test class: org.example.TestRunner.Runners<br>Test method: Runs Cucumber Scenarios<br>Parameters: "user could search using product name", "user search for products"</td>
<td></td>
<td>18</td>
<td>org.example.TestRunner.Runners@d706f19</td></tr>
<tr>
<td title='org.example.TestRunner.Runners.runScenario()'><b>runScenario</b><br>Test class: org.example.TestRunner.Runners<br>Test method: Runs Cucumber Scenarios<br>Parameters: ": user could login with valid email and password", "users could use login functionality to use their accounts"</td>
<td></td>
<td>13</td>
<td>org.example.TestRunner.Runners@d706f19</td></tr>
<tr>
<td title='org.example.TestRunner.Runners.runScenario()'><b>runScenario</b><br>Test class: org.example.TestRunner.Runners<br>Test method: Runs Cucumber Scenarios<br>Parameters: "verify that user add product to his wishlist and get Qty", "user add proudact to wishlist"</td>
<td></td>
<td>23</td>
<td>org.example.TestRunner.Runners@d706f19</td></tr>
</table><p>
</body>
</html>